
found 22 trs

found subheader. continuing.

openHours.id: 5617 is unchanged

openHours.id: 5618 is unchanged

openHours.id: 5619 is unchanged

openHours.id: 14377 is unchanged

openHours.id: 14378 is unchanged

openHours.id: 14379 is unchanged

openHours.id: 14380 is unchanged

openHours.id: 14381 is unchanged

openHours.id: 14382 is unchanged

openHours.id: 14383 is unchanged

openHours.id: 14384 is unchanged

openHours.id: 14385 is unchanged

openHours.id: 14386 is unchanged

openHours.id: 14387 is unchanged

openHours.id: 14388 is unchanged

openHours.id: 14389 is unchanged

openHours.id: 14390 is unchanged

openHours.id: 14391 is unchanged

openHours.id: 14392 is unchanged

openHours.id: 18896 is unchanged

openHours.id: 18897 is unchanged

found 22 trs

found subheader. continuing.

openHours.id: 5638 is unchanged

openHours.id: 5639 is unchanged

openHours.id: 5640 is unchanged

openHours.id: 14393 is unchanged

openHours.id: 14394 is unchanged

openHours.id: 14395 is unchanged

openHours.id: 14396 is unchanged

openHours.id: 14397 is unchanged

openHours.id: 14398 is unchanged

openHours.id: 14399 is unchanged

openHours.id: 14400 is unchanged

openHours.id: 14401 is unchanged

openHours.id: 14402 is unchanged

openHours.id: 14403 is unchanged

openHours.id: 14404 is unchanged

openHours.id: 14405 is unchanged

openHours.id: 14406 is unchanged

openHours.id: 14407 is unchanged

openHours.id: 14408 is unchanged

openHours.id: 18898 is unchanged

openHours.id: 18899 is unchanged

found 22 trs

found subheader. continuing.

openHours.id: 5659 is unchanged

openHours.id: 5660 is unchanged

openHours.id: 5661 is unchanged

openHours.id: 14409 is unchanged

openHours.id: 14410 is unchanged

openHours.id: 14411 is unchanged

openHours.id: 14412 is unchanged

openHours.id: 14413 is unchanged

openHours.id: 14414 is unchanged

openHours.id: 14415 is unchanged

openHours.id: 14416 is unchanged

openHours.id: 14417 is unchanged

openHours.id: 14418 is unchanged

openHours.id: 14419 is unchanged

openHours.id: 14420 is unchanged

openHours.id: 14421 is unchanged

openHours.id: 14422 is unchanged

openHours.id: 14423 is unchanged

openHours.id: 14424 is unchanged

openHours.id: 18900 is unchanged

openHours.id: 18901 is unchanged

found 22 trs

found subheader. continuing.

openHours.id: 5680 is unchanged

openHours.id: 5681 is unchanged

openHours.id: 5682 is unchanged

openHours.id: 14425 is unchanged

openHours.id: 14426 is unchanged

openHours.id: 14427 is unchanged

openHours.id: 14428 is unchanged

openHours.id: 14429 is unchanged

openHours.id: 14430 is unchanged

openHours.id: 14431 is unchanged

openHours.id: 14432 is unchanged

openHours.id: 14433 is unchanged

openHours.id: 14434 is unchanged

openHours.id: 14435 is unchanged

openHours.id: 14436 is unchanged

openHours.id: 14437 is unchanged

openHours.id: 14438 is unchanged

openHours.id: 14439 is unchanged

openHours.id: 14440 is unchanged

openHours.id: 18902 is unchanged

openHours.id: 18903 is unchanged

found 22 trs

found subheader. continuing.

openHours.id: 5701 is unchanged

openHours.id: 5702 is unchanged

openHours.id: 5703 is unchanged

openHours.id: 14441 is unchanged

openHours.id: 14442 is unchanged

openHours.id: 14443 is unchanged

openHours.id: 14444 is unchanged

openHours.id: 14445 is unchanged

openHours.id: 14446 is unchanged

openHours.id: 14447 is unchanged

openHours.id: 14448 is unchanged

openHours.id: 14449 is unchanged

openHours.id: 14450 is unchanged

openHours.id: 14451 is unchanged

openHours.id: 14452 is unchanged

openHours.id: 14453 is unchanged

openHours.id: 14454 is unchanged

openHours.id: 14455 is unchanged

openHours.id: 14456 is unchanged

openHours.id: 18904 is unchanged

openHours.id: 18905 is unchanged

found 22 trs

found subheader. continuing.

openHours.id: 5722 is unchanged

openHours.id: 5723 is unchanged

openHours.id: 5724 is unchanged

openHours.id: 14457 is unchanged

openHours.id: 14458 is unchanged

openHours.id: 14459 is unchanged

openHours.id: 14460 is unchanged

openHours.id: 14461 is unchanged

openHours.id: 14462 is unchanged

openHours.id: 14463 is unchanged

openHours.id: 14464 is unchanged

openHours.id: 14465 is unchanged

openHours.id: 14466 is unchanged

openHours.id: 14467 is unchanged

openHours.id: 14468 is unchanged

openHours.id: 14469 is unchanged

openHours.id: 14470 is unchanged

openHours.id: 14471 is unchanged

openHours.id: 14472 is unchanged

openHours.id: 18906 is unchanged

openHours.id: 18907 is unchanged

found 22 trs

found subheader. continuing.

openHours.id: 5743 is unchanged

openHours.id: 5744 is unchanged

openHours.id: 5745 is unchanged

openHours.id: 14473 is unchanged

openHours.id: 14474 is unchanged

openHours.id: 14475 is unchanged

openHours.id: 14476 is unchanged

openHours.id: 14477 is unchanged

openHours.id: 14478 is unchanged

openHours.id: 14479 is unchanged

openHours.id: 14480 is unchanged

openHours.id: 14481 is unchanged

openHours.id: 14482 is unchanged

openHours.id: 14483 is unchanged

openHours.id: 14484 is unchanged

openHours.id: 14485 is unchanged

openHours.id: 14486 is unchanged

openHours.id: 14487 is unchanged

openHours.id: 14488 is unchanged

openHours.id: 18908 is unchanged

openHours.id: 18909 is unchanged

caught timeout exception..retrying once..

found 22 trs

found subheader. continuing.

openHours.id: 5764 is unchanged

openHours.id: 5765 is unchanged

openHours.id: 5766 is unchanged

openHours.id: 14489 is unchanged

openHours.id: 14490 is unchanged

openHours.id: 14491 is unchanged

openHours.id: 14492 is unchanged

openHours.id: 14493 is unchanged

openHours.id: 14494 is unchanged

openHours.id: 14495 is unchanged

openHours.id: 14496 is unchanged

openHours.id: 14497 is unchanged

openHours.id: 14498 is unchanged

openHours.id: 14499 is unchanged

openHours.id: 14500 is unchanged

openHours.id: 14501 is unchanged

openHours.id: 14502 is unchanged

openHours.id: 14503 is unchanged

openHours.id: 14504 is unchanged

created new openHours id: 18910

created new openHours id: 18911

found 22 trs

found subheader. continuing.

openHours.id: 5785 is unchanged

openHours.id: 5786 is unchanged

openHours.id: 5787 is unchanged

openHours.id: 14505 is unchanged

openHours.id: 14506 is unchanged

openHours.id: 14507 is unchanged

openHours.id: 14508 is unchanged

openHours.id: 14509 is unchanged

openHours.id: 14510 is unchanged

openHours.id: 14511 is unchanged

openHours.id: 14512 is unchanged

openHours.id: 14513 is unchanged

openHours.id: 14514 is unchanged

openHours.id: 14515 is unchanged

openHours.id: 14516 is unchanged

openHours.id: 14517 is unchanged

openHours.id: 14518 is unchanged

openHours.id: 14519 is unchanged

openHours.id: 14520 is unchanged

created new openHours id: 18912

created new openHours id: 18913

found 22 trs

found subheader. continuing.

openHours.id: 5806 is unchanged

openHours.id: 5807 is unchanged

openHours.id: 5808 is unchanged

openHours.id: 14521 is unchanged

openHours.id: 14522 is unchanged

openHours.id: 14523 is unchanged

openHours.id: 14524 is unchanged

openHours.id: 14525 is unchanged

openHours.id: 14526 is unchanged

openHours.id: 14527 is unchanged

openHours.id: 14528 is unchanged

openHours.id: 14529 is unchanged

openHours.id: 14530 is unchanged

openHours.id: 14531 is unchanged

openHours.id: 14532 is unchanged

openHours.id: 14533 is unchanged

openHours.id: 14534 is unchanged

openHours.id: 14535 is unchanged

openHours.id: 14536 is unchanged

created new openHours id: 18914

created new openHours id: 18915

found 22 trs

found subheader. continuing.

openHours.id: 5827 is unchanged

openHours.id: 5828 is unchanged

openHours.id: 5829 is unchanged

openHours.id: 14537 is unchanged

openHours.id: 14538 is unchanged

openHours.id: 14539 is unchanged

openHours.id: 14540 is unchanged

openHours.id: 14541 is unchanged

openHours.id: 14542 is unchanged

openHours.id: 14543 is unchanged

openHours.id: 14544 is unchanged

openHours.id: 14545 is unchanged

openHours.id: 14546 is unchanged

openHours.id: 14547 is unchanged

openHours.id: 14548 is unchanged

openHours.id: 14549 is unchanged

openHours.id: 14550 is unchanged

openHours.id: 14551 is unchanged

openHours.id: 14552 is unchanged

created new openHours id: 18916

created new openHours id: 18917

found 22 trs

found subheader. continuing.

openHours.id: 5848 is unchanged

openHours.id: 5849 is unchanged

openHours.id: 5850 is unchanged

openHours.id: 14553 is unchanged

openHours.id: 14554 is unchanged

openHours.id: 14555 is unchanged

openHours.id: 14556 is unchanged

openHours.id: 14557 is unchanged

openHours.id: 14558 is unchanged

openHours.id: 14559 is unchanged

openHours.id: 14560 is unchanged

openHours.id: 14561 is unchanged

openHours.id: 14562 is unchanged

openHours.id: 14563 is unchanged

openHours.id: 14564 is unchanged

openHours.id: 14565 is unchanged

openHours.id: 14566 is unchanged

openHours.id: 14567 is unchanged

openHours.id: 14568 is unchanged

created new openHours id: 18918

created new openHours id: 18919

found 22 trs

found subheader. continuing.

openHours.id: 5869 is unchanged

openHours.id: 5870 is unchanged

openHours.id: 5871 is unchanged

openHours.id: 14569 is unchanged

openHours.id: 14570 is unchanged

openHours.id: 14571 is unchanged

openHours.id: 14572 is unchanged

openHours.id: 14573 is unchanged

openHours.id: 14574 is unchanged

openHours.id: 14575 is unchanged

openHours.id: 14576 is unchanged

openHours.id: 14577 is unchanged

openHours.id: 14578 is unchanged

openHours.id: 14579 is unchanged

openHours.id: 14580 is unchanged

openHours.id: 14581 is unchanged

openHours.id: 14582 is unchanged

openHours.id: 14583 is unchanged

openHours.id: 14584 is unchanged

created new openHours id: 18920

created new openHours id: 18921

found 22 trs

found subheader. continuing.

openHours.id: 5890 is unchanged

openHours.id: 5891 is unchanged

openHours.id: 5892 is unchanged

openHours.id: 14585 is unchanged

openHours.id: 14586 is unchanged

openHours.id: 14587 is unchanged

openHours.id: 14588 is unchanged

openHours.id: 14589 is unchanged

openHours.id: 14590 is unchanged

openHours.id: 14591 is unchanged

openHours.id: 14592 is unchanged

openHours.id: 14593 is unchanged

openHours.id: 14594 is unchanged

openHours.id: 14595 is unchanged

openHours.id: 14596 is unchanged

openHours.id: 14597 is unchanged

openHours.id: 14598 is unchanged

openHours.id: 14599 is unchanged

openHours.id: 14600 is unchanged

created new openHours id: 18922

created new openHours id: 18923

found 22 trs

found subheader. continuing.

openHours.id: 5911 is unchanged

openHours.id: 5912 is unchanged

openHours.id: 5913 is unchanged

openHours.id: 14601 is unchanged

openHours.id: 14602 is unchanged

openHours.id: 14603 is unchanged

openHours.id: 14604 is unchanged

openHours.id: 14605 is unchanged

openHours.id: 14606 is unchanged

openHours.id: 14607 is unchanged

openHours.id: 14608 is unchanged

openHours.id: 14609 is unchanged

openHours.id: 14610 is unchanged

openHours.id: 14611 is unchanged

openHours.id: 14612 is unchanged

openHours.id: 14613 is unchanged

openHours.id: 14614 is unchanged

openHours.id: 14615 is unchanged

openHours.id: 14616 is unchanged

created new openHours id: 18924

created new openHours id: 18925

found 22 trs

found subheader. continuing.

openHours.id: 5932 is unchanged

openHours.id: 5933 is unchanged

openHours.id: 5934 is unchanged

openHours.id: 14617 is unchanged

openHours.id: 14618 is unchanged

openHours.id: 14619 is unchanged

openHours.id: 14620 is unchanged

openHours.id: 14621 is unchanged

openHours.id: 14622 is unchanged

openHours.id: 14623 is unchanged

openHours.id: 14624 is unchanged

openHours.id: 14625 is unchanged

openHours.id: 14626 is unchanged

openHours.id: 14627 is unchanged

openHours.id: 14628 is unchanged

openHours.id: 14629 is unchanged

openHours.id: 14630 is unchanged

openHours.id: 14631 is unchanged

openHours.id: 14632 is unchanged

created new openHours id: 18926

created new openHours id: 18927

found 22 trs

found subheader. continuing.

openHours.id: 5953 is unchanged

openHours.id: 5954 is unchanged

openHours.id: 5955 is unchanged

openHours.id: 14633 is unchanged

openHours.id: 14634 is unchanged

openHours.id: 14635 is unchanged

openHours.id: 14636 is unchanged

openHours.id: 14637 is unchanged

openHours.id: 14638 is unchanged

openHours.id: 14639 is unchanged

openHours.id: 14640 is unchanged

openHours.id: 14641 is unchanged

openHours.id: 14642 is unchanged

openHours.id: 14643 is unchanged

openHours.id: 14644 is unchanged

openHours.id: 14645 is unchanged

openHours.id: 14646 is unchanged

openHours.id: 14647 is unchanged

openHours.id: 14648 is unchanged

created new openHours id: 18928

created new openHours id: 18929

found 22 trs

found subheader. continuing.

openHours.id: 5974 is unchanged

openHours.id: 5975 is unchanged

openHours.id: 5976 is unchanged

openHours.id: 14649 is unchanged

openHours.id: 14650 is unchanged

openHours.id: 14651 is unchanged

openHours.id: 14652 is unchanged

openHours.id: 14653 is unchanged

openHours.id: 14654 is unchanged

openHours.id: 14655 is unchanged

openHours.id: 14656 is unchanged

openHours.id: 14657 is unchanged

openHours.id: 14658 is unchanged

openHours.id: 14659 is unchanged

openHours.id: 14660 is unchanged

openHours.id: 14661 is unchanged

openHours.id: 14662 is unchanged

openHours.id: 14663 is unchanged

openHours.id: 14664 is unchanged

created new openHours id: 18930

created new openHours id: 18931

found 22 trs

found subheader. continuing.

openHours.id: 5995 is unchanged

openHours.id: 5996 is unchanged

openHours.id: 5997 is unchanged

openHours.id: 14665 is unchanged

openHours.id: 14666 is unchanged

openHours.id: 14667 is unchanged

openHours.id: 14668 is unchanged

openHours.id: 14669 is unchanged

openHours.id: 14670 is unchanged

openHours.id: 14671 is unchanged

openHours.id: 14672 is unchanged

openHours.id: 14673 is unchanged

openHours.id: 14674 is unchanged

openHours.id: 14675 is unchanged

openHours.id: 14676 is unchanged

openHours.id: 14677 is unchanged

openHours.id: 14678 is unchanged

openHours.id: 14679 is unchanged

openHours.id: 14680 is unchanged

created new openHours id: 18932

created new openHours id: 18933

found 22 trs

found subheader. continuing.

openHours.id: 6016 is unchanged

openHours.id: 6017 is unchanged

openHours.id: 6018 is unchanged

openHours.id: 14681 is unchanged

openHours.id: 14682 is unchanged

openHours.id: 14683 is unchanged

openHours.id: 14684 is unchanged

openHours.id: 14685 is unchanged

openHours.id: 14686 is unchanged

openHours.id: 14687 is unchanged

openHours.id: 14688 is unchanged

openHours.id: 14689 is unchanged

openHours.id: 14690 is unchanged

openHours.id: 14691 is unchanged

openHours.id: 14692 is unchanged

openHours.id: 14693 is unchanged

openHours.id: 14694 is unchanged

openHours.id: 14695 is unchanged

openHours.id: 14696 is unchanged

created new openHours id: 18934

created new openHours id: 18935

found 22 trs

found subheader. continuing.

openHours.id: 6037 is unchanged

openHours.id: 6038 is unchanged

openHours.id: 6039 is unchanged

openHours.id: 14697 is unchanged

openHours.id: 14698 is unchanged

openHours.id: 14699 is unchanged

openHours.id: 14700 is unchanged

openHours.id: 14701 is unchanged

openHours.id: 14702 is unchanged

openHours.id: 14703 is unchanged

openHours.id: 14704 is unchanged

openHours.id: 14705 is unchanged

openHours.id: 14706 is unchanged

openHours.id: 14707 is unchanged

openHours.id: 14708 is unchanged

openHours.id: 14709 is unchanged

openHours.id: 14710 is unchanged

openHours.id: 14711 is unchanged

openHours.id: 14712 is unchanged

created new openHours id: 18936

created new openHours id: 18937

found 22 trs

found subheader. continuing.

openHours.id: 6058 is unchanged

openHours.id: 6059 is unchanged

openHours.id: 6060 is unchanged

openHours.id: 14713 is unchanged

openHours.id: 14714 is unchanged

openHours.id: 14715 is unchanged

openHours.id: 14716 is unchanged

openHours.id: 14717 is unchanged

openHours.id: 14718 is unchanged

openHours.id: 14719 is unchanged

openHours.id: 14720 is unchanged

openHours.id: 14721 is unchanged

openHours.id: 14722 is unchanged

openHours.id: 14723 is unchanged

openHours.id: 14724 is unchanged

openHours.id: 14725 is unchanged

openHours.id: 14726 is unchanged

openHours.id: 14727 is unchanged

openHours.id: 14728 is unchanged

created new openHours id: 18938

created new openHours id: 18939

found 22 trs

found subheader. continuing.

openHours.id: 6079 is unchanged

openHours.id: 6080 is unchanged

openHours.id: 6081 is unchanged

openHours.id: 14729 is unchanged

openHours.id: 14730 is unchanged

openHours.id: 14731 is unchanged

openHours.id: 14732 is unchanged

openHours.id: 14733 is unchanged

openHours.id: 14734 is unchanged

openHours.id: 14735 is unchanged

openHours.id: 14736 is unchanged

openHours.id: 14737 is unchanged

openHours.id: 14738 is unchanged

openHours.id: 14739 is unchanged

openHours.id: 14740 is unchanged

openHours.id: 14741 is unchanged

openHours.id: 14742 is unchanged

openHours.id: 14743 is unchanged

openHours.id: 14744 is unchanged

created new openHours id: 18940

created new openHours id: 18941

found 22 trs

found subheader. continuing.

openHours.id: 6100 is unchanged

openHours.id: 6101 is unchanged

openHours.id: 6102 is unchanged

openHours.id: 14745 is unchanged

openHours.id: 14746 is unchanged

openHours.id: 14747 is unchanged

openHours.id: 14748 is unchanged

openHours.id: 14749 is unchanged

openHours.id: 14750 is unchanged

openHours.id: 14751 is unchanged

openHours.id: 14752 is unchanged

openHours.id: 14753 is unchanged

openHours.id: 14754 is unchanged

openHours.id: 14755 is unchanged

openHours.id: 14756 is unchanged

openHours.id: 14757 is unchanged

openHours.id: 14758 is unchanged

openHours.id: 14759 is unchanged

openHours.id: 14760 is unchanged

created new openHours id: 18942

created new openHours id: 18943

found 22 trs

found subheader. continuing.

openHours.id: 6121 is unchanged

openHours.id: 6122 is unchanged

openHours.id: 6123 is unchanged

openHours.id: 14761 is unchanged

openHours.id: 14762 is unchanged

openHours.id: 14763 is unchanged

openHours.id: 14764 is unchanged

openHours.id: 14765 is unchanged

openHours.id: 14766 is unchanged

openHours.id: 14767 is unchanged

openHours.id: 14768 is unchanged

openHours.id: 14769 is unchanged

openHours.id: 14770 is unchanged

openHours.id: 14771 is unchanged

openHours.id: 14772 is unchanged

openHours.id: 14773 is unchanged

openHours.id: 14774 is unchanged

openHours.id: 14775 is unchanged

openHours.id: 14776 is unchanged

created new openHours id: 18944

created new openHours id: 18945

found 22 trs

found subheader. continuing.

openHours.id: 6142 is unchanged

openHours.id: 6143 is unchanged

openHours.id: 6144 is unchanged

openHours.id: 14777 is unchanged

openHours.id: 14778 is unchanged

openHours.id: 14779 is unchanged

openHours.id: 14780 is unchanged

openHours.id: 14781 is unchanged

openHours.id: 14782 is unchanged

openHours.id: 14783 is unchanged

openHours.id: 14784 is unchanged

openHours.id: 14785 is unchanged

openHours.id: 14786 is unchanged

openHours.id: 14787 is unchanged

openHours.id: 14788 is unchanged

openHours.id: 14789 is unchanged

openHours.id: 14790 is unchanged

openHours.id: 14791 is unchanged

openHours.id: 14792 is unchanged

created new openHours id: 18946

created new openHours id: 18947

found 22 trs

found subheader. continuing.

openHours.id: 6163 is unchanged

openHours.id: 6164 is unchanged

openHours.id: 6165 is unchanged

openHours.id: 14793 is unchanged

openHours.id: 14794 is unchanged

openHours.id: 14795 is unchanged

openHours.id: 14796 is unchanged

openHours.id: 14797 is unchanged

openHours.id: 14798 is unchanged

openHours.id: 14799 is unchanged

openHours.id: 14800 is unchanged

openHours.id: 14801 is unchanged

openHours.id: 14802 is unchanged

openHours.id: 14803 is unchanged

openHours.id: 14804 is unchanged

openHours.id: 14805 is unchanged

openHours.id: 14806 is unchanged

openHours.id: 14807 is unchanged

openHours.id: 14808 is unchanged

created new openHours id: 18948

created new openHours id: 18949

found 22 trs

found subheader. continuing.

openHours.id: 6184 is unchanged

openHours.id: 6185 is unchanged

openHours.id: 6186 is unchanged

openHours.id: 14809 is unchanged

openHours.id: 14810 is unchanged

openHours.id: 14811 is unchanged

openHours.id: 14812 is unchanged

openHours.id: 14813 is unchanged

openHours.id: 14814 is unchanged

openHours.id: 14815 is unchanged

openHours.id: 14816 is unchanged

openHours.id: 14817 is unchanged

openHours.id: 14818 is unchanged

openHours.id: 14819 is unchanged

openHours.id: 14820 is unchanged

openHours.id: 14821 is unchanged

openHours.id: 14822 is unchanged

openHours.id: 14823 is unchanged

openHours.id: 14824 is unchanged

created new openHours id: 18950

created new openHours id: 18951

found 22 trs

found subheader. continuing.

openHours.id: 6205 is unchanged

openHours.id: 6206 is unchanged

openHours.id: 6207 is unchanged

openHours.id: 14825 is unchanged

openHours.id: 14826 is unchanged

openHours.id: 14827 is unchanged

openHours.id: 14828 is unchanged

openHours.id: 14829 is unchanged

openHours.id: 14830 is unchanged

openHours.id: 14831 is unchanged

openHours.id: 14832 is unchanged

openHours.id: 14833 is unchanged

openHours.id: 14834 is unchanged

openHours.id: 14835 is unchanged

openHours.id: 14836 is unchanged

openHours.id: 14837 is unchanged

openHours.id: 14838 is unchanged

openHours.id: 14839 is unchanged

openHours.id: 14840 is unchanged

created new openHours id: 18952

created new openHours id: 18953

found 22 trs

found subheader. continuing.

openHours.id: 6226 is unchanged

openHours.id: 6227 is unchanged

openHours.id: 6228 is unchanged

openHours.id: 14841 is unchanged

openHours.id: 14842 is unchanged

openHours.id: 14843 is unchanged

openHours.id: 14844 is unchanged

openHours.id: 14845 is unchanged

openHours.id: 14846 is unchanged

openHours.id: 14847 is unchanged

openHours.id: 14848 is unchanged

openHours.id: 14849 is unchanged

openHours.id: 14850 is unchanged

openHours.id: 14851 is unchanged

openHours.id: 14852 is unchanged

openHours.id: 14853 is unchanged

openHours.id: 14854 is unchanged

openHours.id: 14855 is unchanged

openHours.id: 14856 is unchanged

created new openHours id: 18954

created new openHours id: 18955

found 22 trs

found subheader. continuing.

openHours.id: 6247 is unchanged

openHours.id: 6248 is unchanged

openHours.id: 6249 is unchanged

openHours.id: 14857 is unchanged

openHours.id: 14858 is unchanged

openHours.id: 14859 is unchanged

openHours.id: 14860 is unchanged

openHours.id: 14861 is unchanged

openHours.id: 14862 is unchanged

openHours.id: 14863 is unchanged

openHours.id: 14864 is unchanged

openHours.id: 14865 is unchanged

openHours.id: 14866 is unchanged

openHours.id: 14867 is unchanged

openHours.id: 14868 is unchanged

openHours.id: 14869 is unchanged

openHours.id: 14870 is unchanged

openHours.id: 14871 is unchanged

openHours.id: 14872 is unchanged

created new openHours id: 18956

created new openHours id: 18957

found 22 trs

found subheader. continuing.

openHours.id: 6268 is unchanged

openHours.id: 6269 is unchanged

openHours.id: 6270 is unchanged

openHours.id: 14873 is unchanged

openHours.id: 14874 is unchanged

openHours.id: 14875 is unchanged

openHours.id: 14876 is unchanged

openHours.id: 14877 is unchanged

openHours.id: 14878 is unchanged

openHours.id: 14879 is unchanged

openHours.id: 14880 is unchanged

openHours.id: 14881 is unchanged

openHours.id: 14882 is unchanged

openHours.id: 14883 is unchanged

openHours.id: 14884 is unchanged

openHours.id: 14885 is unchanged

openHours.id: 14886 is unchanged

openHours.id: 14887 is unchanged

openHours.id: 14888 is unchanged

created new openHours id: 18958

created new openHours id: 18959

found 22 trs

found subheader. continuing.

openHours.id: 6289 is unchanged

openHours.id: 6290 is unchanged

openHours.id: 6291 is unchanged

openHours.id: 14889 is unchanged

openHours.id: 14890 is unchanged

openHours.id: 14891 is unchanged

openHours.id: 14892 is unchanged

openHours.id: 14893 is unchanged

openHours.id: 14894 is unchanged

openHours.id: 14895 is unchanged

openHours.id: 14896 is unchanged

openHours.id: 14897 is unchanged

openHours.id: 14898 is unchanged

openHours.id: 14899 is unchanged

openHours.id: 14900 is unchanged

openHours.id: 14901 is unchanged

openHours.id: 14902 is unchanged

openHours.id: 14903 is unchanged

openHours.id: 14904 is unchanged

created new openHours id: 18960

created new openHours id: 18961

found 22 trs

found subheader. continuing.

openHours.id: 6310 is unchanged

openHours.id: 6311 is unchanged

openHours.id: 6312 is unchanged

openHours.id: 14905 is unchanged

openHours.id: 14906 is unchanged

openHours.id: 14907 is unchanged

openHours.id: 14908 is unchanged

openHours.id: 14909 is unchanged

openHours.id: 14910 is unchanged

openHours.id: 14911 is unchanged

openHours.id: 14912 is unchanged

openHours.id: 14913 is unchanged

openHours.id: 14914 is unchanged

openHours.id: 14915 is unchanged

openHours.id: 14916 is unchanged

openHours.id: 14917 is unchanged

openHours.id: 14918 is unchanged

openHours.id: 14919 is unchanged

openHours.id: 14920 is unchanged

created new openHours id: 18962

created new openHours id: 18963

found 22 trs

found subheader. continuing.

openHours.id: 6331 is unchanged

openHours.id: 6332 is unchanged

openHours.id: 6333 is unchanged

openHours.id: 14921 is unchanged

openHours.id: 14922 is unchanged

openHours.id: 14923 is unchanged

openHours.id: 14924 is unchanged

openHours.id: 14925 is unchanged

openHours.id: 14926 is unchanged

openHours.id: 14927 is unchanged

openHours.id: 14928 is unchanged

openHours.id: 14929 is unchanged

openHours.id: 14930 is unchanged

openHours.id: 14931 is unchanged

openHours.id: 14932 is unchanged

openHours.id: 14933 is unchanged

openHours.id: 14934 is unchanged

openHours.id: 14935 is unchanged

openHours.id: 14936 is unchanged

created new openHours id: 18964

created new openHours id: 18965

found 22 trs

found subheader. continuing.

openHours.id: 6352 is unchanged

openHours.id: 6353 is unchanged

openHours.id: 6354 is unchanged

openHours.id: 14937 is unchanged

openHours.id: 14938 is unchanged

openHours.id: 14939 is unchanged

openHours.id: 14940 is unchanged

openHours.id: 14941 is unchanged

openHours.id: 14942 is unchanged

openHours.id: 14943 is unchanged

openHours.id: 14944 is unchanged

openHours.id: 14945 is unchanged

openHours.id: 14946 is unchanged

openHours.id: 14947 is unchanged

openHours.id: 14948 is unchanged

openHours.id: 14949 is unchanged

openHours.id: 14950 is unchanged

openHours.id: 14951 is unchanged

openHours.id: 14952 is unchanged

created new openHours id: 18966

created new openHours id: 18967

found 22 trs

found subheader. continuing.

openHours.id: 6373 is unchanged

openHours.id: 6374 is unchanged

openHours.id: 6375 is unchanged

openHours.id: 14953 is unchanged

openHours.id: 14954 is unchanged

openHours.id: 14955 is unchanged

openHours.id: 14956 is unchanged

openHours.id: 14957 is unchanged

openHours.id: 14958 is unchanged

openHours.id: 14959 is unchanged

openHours.id: 14960 is unchanged

openHours.id: 14961 is unchanged

openHours.id: 14962 is unchanged

openHours.id: 14963 is unchanged

openHours.id: 14964 is unchanged

openHours.id: 14965 is unchanged

openHours.id: 14966 is unchanged

openHours.id: 14967 is unchanged

openHours.id: 14968 is unchanged

created new openHours id: 18968

created new openHours id: 18969

found 22 trs

found subheader. continuing.

openHours.id: 6394 is unchanged

openHours.id: 6395 is unchanged

openHours.id: 6396 is unchanged

openHours.id: 14969 is unchanged

openHours.id: 14970 is unchanged

openHours.id: 14971 is unchanged

openHours.id: 14972 is unchanged

openHours.id: 14973 is unchanged

openHours.id: 14974 is unchanged

openHours.id: 14975 is unchanged

openHours.id: 14976 is unchanged

openHours.id: 14977 is unchanged

openHours.id: 14978 is unchanged

openHours.id: 14979 is unchanged

openHours.id: 14980 is unchanged

openHours.id: 14981 is unchanged

openHours.id: 14982 is unchanged

openHours.id: 14983 is unchanged

openHours.id: 14984 is unchanged

created new openHours id: 18970

created new openHours id: 18971

found 22 trs

found subheader. continuing.

openHours.id: 6415 is unchanged

openHours.id: 6416 is unchanged

openHours.id: 6417 is unchanged

openHours.id: 14985 is unchanged

openHours.id: 14986 is unchanged

openHours.id: 14987 is unchanged

openHours.id: 14988 is unchanged

openHours.id: 14989 is unchanged

openHours.id: 14990 is unchanged

openHours.id: 14991 is unchanged

openHours.id: 14992 is unchanged

openHours.id: 14993 is unchanged

openHours.id: 14994 is unchanged

openHours.id: 14995 is unchanged

openHours.id: 14996 is unchanged

openHours.id: 14997 is unchanged

openHours.id: 14998 is unchanged

openHours.id: 14999 is unchanged

openHours.id: 15000 is unchanged

created new openHours id: 18972

created new openHours id: 18973

found 22 trs

found subheader. continuing.

openHours.id: 6436 is unchanged

openHours.id: 6437 is unchanged

openHours.id: 6438 is unchanged

openHours.id: 15001 is unchanged

openHours.id: 15002 is unchanged

openHours.id: 15003 is unchanged

openHours.id: 15004 is unchanged

openHours.id: 15005 is unchanged

openHours.id: 15006 is unchanged

openHours.id: 15007 is unchanged

openHours.id: 15008 is unchanged

openHours.id: 15009 is unchanged

openHours.id: 15010 is unchanged

openHours.id: 15011 is unchanged

openHours.id: 15012 is unchanged

openHours.id: 15013 is unchanged

openHours.id: 15014 is unchanged

openHours.id: 15015 is unchanged

openHours.id: 15016 is unchanged

created new openHours id: 18974

created new openHours id: 18975

found 22 trs

found subheader. continuing.

openHours.id: 6457 is unchanged

openHours.id: 6458 is unchanged

openHours.id: 6459 is unchanged

openHours.id: 15017 is unchanged

openHours.id: 15018 is unchanged

openHours.id: 15019 is unchanged

openHours.id: 15020 is unchanged

openHours.id: 15021 is unchanged

openHours.id: 15022 is unchanged

openHours.id: 15023 is unchanged

openHours.id: 15024 is unchanged

openHours.id: 15025 is unchanged

openHours.id: 15026 is unchanged

openHours.id: 15027 is unchanged

openHours.id: 15028 is unchanged

openHours.id: 15029 is unchanged

openHours.id: 15030 is unchanged

openHours.id: 15031 is unchanged

openHours.id: 15032 is unchanged

created new openHours id: 18976

created new openHours id: 18977

found 22 trs

found subheader. continuing.

openHours.id: 6478 is unchanged

openHours.id: 6479 is unchanged

openHours.id: 6480 is unchanged

openHours.id: 15033 is unchanged

openHours.id: 15034 is unchanged

openHours.id: 15035 is unchanged

openHours.id: 15036 is unchanged

openHours.id: 15037 is unchanged

openHours.id: 15038 is unchanged

openHours.id: 15039 is unchanged

openHours.id: 15040 is unchanged

openHours.id: 15041 is unchanged

openHours.id: 15042 is unchanged

openHours.id: 15043 is unchanged

openHours.id: 15044 is unchanged

openHours.id: 15045 is unchanged

openHours.id: 15046 is unchanged

openHours.id: 15047 is unchanged

openHours.id: 15048 is unchanged

created new openHours id: 18978

created new openHours id: 18979

found 22 trs

found subheader. continuing.

openHours.id: 6499 is unchanged

openHours.id: 6500 is unchanged

openHours.id: 6501 is unchanged

openHours.id: 15049 is unchanged

openHours.id: 15050 is unchanged

openHours.id: 15051 is unchanged

openHours.id: 15052 is unchanged

openHours.id: 15053 is unchanged

openHours.id: 15054 is unchanged

openHours.id: 15055 is unchanged

openHours.id: 15056 is unchanged

openHours.id: 15057 is unchanged

openHours.id: 15058 is unchanged

openHours.id: 15059 is unchanged

openHours.id: 15060 is unchanged

openHours.id: 15061 is unchanged

openHours.id: 15062 is unchanged

openHours.id: 15063 is unchanged

openHours.id: 15064 is unchanged

created new openHours id: 18980

created new openHours id: 18981

found 22 trs

found subheader. continuing.

openHours.id: 6520 is unchanged

openHours.id: 6521 is unchanged

openHours.id: 6522 is unchanged

openHours.id: 15065 is unchanged

openHours.id: 15066 is unchanged

openHours.id: 15067 is unchanged

openHours.id: 15068 is unchanged

openHours.id: 15069 is unchanged

openHours.id: 15070 is unchanged

openHours.id: 15071 is unchanged

openHours.id: 15072 is unchanged

openHours.id: 15073 is unchanged

openHours.id: 15074 is unchanged

openHours.id: 15075 is unchanged

openHours.id: 15076 is unchanged

openHours.id: 15077 is unchanged

openHours.id: 15078 is unchanged

openHours.id: 15079 is unchanged

openHours.id: 15080 is unchanged

created new openHours id: 18982

created new openHours id: 18983

found 22 trs

found subheader. continuing.

openHours.id: 6541 is unchanged

openHours.id: 6542 is unchanged

openHours.id: 6543 is unchanged

openHours.id: 15081 is unchanged

openHours.id: 15082 is unchanged

openHours.id: 15083 is unchanged

openHours.id: 15084 is unchanged

openHours.id: 15085 is unchanged

openHours.id: 15086 is unchanged

openHours.id: 15087 is unchanged

openHours.id: 15088 is unchanged

openHours.id: 15089 is unchanged

openHours.id: 15090 is unchanged

openHours.id: 15091 is unchanged

openHours.id: 15092 is unchanged

openHours.id: 15093 is unchanged

openHours.id: 15094 is unchanged

openHours.id: 15095 is unchanged

openHours.id: 15096 is unchanged

created new openHours id: 18984

created new openHours id: 18985

found 22 trs

found subheader. continuing.

openHours.id: 6562 is unchanged

openHours.id: 6563 is unchanged

openHours.id: 6564 is unchanged

openHours.id: 15097 is unchanged

openHours.id: 15098 is unchanged

openHours.id: 15099 is unchanged

openHours.id: 15100 is unchanged

openHours.id: 15101 is unchanged

openHours.id: 15102 is unchanged

openHours.id: 15103 is unchanged

openHours.id: 15104 is unchanged

openHours.id: 15105 is unchanged

openHours.id: 15106 is unchanged

openHours.id: 15107 is unchanged

openHours.id: 15108 is unchanged

openHours.id: 15109 is unchanged

openHours.id: 15110 is unchanged

openHours.id: 15111 is unchanged

openHours.id: 15112 is unchanged

created new openHours id: 18986

created new openHours id: 18987

found 22 trs

found subheader. continuing.

openHours.id: 6583 is unchanged

openHours.id: 6584 is unchanged

openHours.id: 6585 is unchanged

openHours.id: 15113 is unchanged

openHours.id: 15114 is unchanged

openHours.id: 15115 is unchanged

openHours.id: 15116 is unchanged

openHours.id: 15117 is unchanged

openHours.id: 15118 is unchanged

openHours.id: 15119 is unchanged

openHours.id: 15120 is unchanged

openHours.id: 15121 is unchanged

openHours.id: 15122 is unchanged

openHours.id: 15123 is unchanged

openHours.id: 15124 is unchanged

openHours.id: 15125 is unchanged

openHours.id: 15126 is unchanged

openHours.id: 15127 is unchanged

openHours.id: 15128 is unchanged

created new openHours id: 18988

created new openHours id: 18989

found 22 trs

found subheader. continuing.

openHours.id: 6604 is unchanged

openHours.id: 6605 is unchanged

openHours.id: 6606 is unchanged

openHours.id: 15129 is unchanged

openHours.id: 15130 is unchanged

openHours.id: 15131 is unchanged

openHours.id: 15132 is unchanged

openHours.id: 15133 is unchanged

openHours.id: 15134 is unchanged

openHours.id: 15135 is unchanged

openHours.id: 15136 is unchanged

openHours.id: 15137 is unchanged

openHours.id: 15138 is unchanged

openHours.id: 15139 is unchanged

openHours.id: 15140 is unchanged

openHours.id: 15141 is unchanged

openHours.id: 15142 is unchanged

openHours.id: 15143 is unchanged

openHours.id: 15144 is unchanged

created new openHours id: 18990

created new openHours id: 18991

found 22 trs

found subheader. continuing.

openHours.id: 6625 is unchanged

openHours.id: 6626 is unchanged

openHours.id: 6627 is unchanged

openHours.id: 15145 is unchanged

openHours.id: 15146 is unchanged

openHours.id: 15147 is unchanged

openHours.id: 15148 is unchanged

openHours.id: 15149 is unchanged

openHours.id: 15150 is unchanged

openHours.id: 15151 is unchanged

openHours.id: 15152 is unchanged

openHours.id: 15153 is unchanged

openHours.id: 15154 is unchanged

openHours.id: 15155 is unchanged

openHours.id: 15156 is unchanged

openHours.id: 15157 is unchanged

openHours.id: 15158 is unchanged

openHours.id: 15159 is unchanged

openHours.id: 15160 is unchanged

created new openHours id: 18992

created new openHours id: 18993

found 22 trs

found subheader. continuing.

openHours.id: 6646 is unchanged

openHours.id: 6647 is unchanged

openHours.id: 6648 is unchanged

openHours.id: 15161 is unchanged

openHours.id: 15162 is unchanged

openHours.id: 15163 is unchanged

openHours.id: 15164 is unchanged

openHours.id: 15165 is unchanged

openHours.id: 15166 is unchanged

openHours.id: 15167 is unchanged

openHours.id: 15168 is unchanged

openHours.id: 15169 is unchanged

openHours.id: 15170 is unchanged

openHours.id: 15171 is unchanged

openHours.id: 15172 is unchanged

openHours.id: 15173 is unchanged

openHours.id: 15174 is unchanged

openHours.id: 15175 is unchanged

openHours.id: 15176 is unchanged

created new openHours id: 18994

created new openHours id: 18995

found 22 trs

found subheader. continuing.

openHours.id: 6667 is unchanged

openHours.id: 6668 is unchanged

openHours.id: 6669 is unchanged

openHours.id: 15177 is unchanged

openHours.id: 15178 is unchanged

openHours.id: 15179 is unchanged

openHours.id: 15180 is unchanged

openHours.id: 15181 is unchanged

openHours.id: 15182 is unchanged

openHours.id: 15183 is unchanged

openHours.id: 15184 is unchanged

openHours.id: 15185 is unchanged

openHours.id: 15186 is unchanged

openHours.id: 15187 is unchanged

openHours.id: 15188 is unchanged

openHours.id: 15189 is unchanged

openHours.id: 15190 is unchanged

openHours.id: 15191 is unchanged

openHours.id: 15192 is unchanged

created new openHours id: 18996

created new openHours id: 18997

found 22 trs

found subheader. continuing.

openHours.id: 6688 is unchanged

openHours.id: 6689 is unchanged

openHours.id: 6690 is unchanged

openHours.id: 15193 is unchanged

openHours.id: 15194 is unchanged

openHours.id: 15195 is unchanged

openHours.id: 15196 is unchanged

openHours.id: 15197 is unchanged

openHours.id: 15198 is unchanged

openHours.id: 15199 is unchanged

openHours.id: 15200 is unchanged

openHours.id: 15201 is unchanged

openHours.id: 15202 is unchanged

openHours.id: 15203 is unchanged

openHours.id: 15204 is unchanged

openHours.id: 15205 is unchanged

openHours.id: 15206 is unchanged

openHours.id: 15207 is unchanged

openHours.id: 15208 is unchanged

created new openHours id: 18998

created new openHours id: 18999

found 22 trs

found subheader. continuing.

openHours.id: 6709 is unchanged

openHours.id: 6710 is unchanged

openHours.id: 6711 is unchanged

openHours.id: 15209 is unchanged

openHours.id: 15210 is unchanged

openHours.id: 15211 is unchanged

openHours.id: 15212 is unchanged

openHours.id: 15213 is unchanged

openHours.id: 15214 is unchanged

openHours.id: 15215 is unchanged

openHours.id: 15216 is unchanged

openHours.id: 15217 is unchanged

openHours.id: 15218 is unchanged

openHours.id: 15219 is unchanged

openHours.id: 15220 is unchanged

openHours.id: 15221 is unchanged

openHours.id: 15222 is unchanged

openHours.id: 15223 is unchanged

openHours.id: 15224 is unchanged

created new openHours id: 19000

created new openHours id: 19001

found 22 trs

found subheader. continuing.

openHours.id: 6730 is unchanged

openHours.id: 6731 is unchanged

openHours.id: 6732 is unchanged

openHours.id: 15225 is unchanged

openHours.id: 15226 is unchanged

openHours.id: 15227 is unchanged

openHours.id: 15228 is unchanged

openHours.id: 15229 is unchanged

openHours.id: 15230 is unchanged

openHours.id: 15231 is unchanged

openHours.id: 15232 is unchanged

openHours.id: 15233 is unchanged

openHours.id: 15234 is unchanged

openHours.id: 15235 is unchanged

openHours.id: 15236 is unchanged

openHours.id: 15237 is unchanged

openHours.id: 15238 is unchanged

openHours.id: 15239 is unchanged

openHours.id: 15240 is unchanged

created new openHours id: 19002

created new openHours id: 19003

found 22 trs

found subheader. continuing.

openHours.id: 6751 is unchanged

openHours.id: 6752 is unchanged

openHours.id: 6753 is unchanged

openHours.id: 15241 is unchanged

openHours.id: 15242 is unchanged

openHours.id: 15243 is unchanged

openHours.id: 15244 is unchanged

openHours.id: 15245 is unchanged

openHours.id: 15246 is unchanged

openHours.id: 15247 is unchanged

openHours.id: 15248 is unchanged

openHours.id: 15249 is unchanged

openHours.id: 15250 is unchanged

openHours.id: 15251 is unchanged

openHours.id: 15252 is unchanged

openHours.id: 15253 is unchanged

openHours.id: 15254 is unchanged

openHours.id: 15255 is unchanged

openHours.id: 15256 is unchanged

created new openHours id: 19004

created new openHours id: 19005

found 22 trs

found subheader. continuing.

openHours.id: 6772 is unchanged

openHours.id: 6773 is unchanged

openHours.id: 6774 is unchanged

openHours.id: 15257 is unchanged

openHours.id: 15258 is unchanged

openHours.id: 15259 is unchanged

openHours.id: 15260 is unchanged

openHours.id: 15261 is unchanged

openHours.id: 15262 is unchanged

openHours.id: 15263 is unchanged

openHours.id: 15264 is unchanged

openHours.id: 15265 is unchanged

openHours.id: 15266 is unchanged

openHours.id: 15267 is unchanged

openHours.id: 15268 is unchanged

openHours.id: 15269 is unchanged

openHours.id: 15270 is unchanged

openHours.id: 15271 is unchanged

openHours.id: 15272 is unchanged

created new openHours id: 19006

created new openHours id: 19007

found 22 trs

found subheader. continuing.

openHours.id: 6793 is unchanged

openHours.id: 6794 is unchanged

openHours.id: 6795 is unchanged

openHours.id: 15273 is unchanged

openHours.id: 15274 is unchanged

openHours.id: 15275 is unchanged

openHours.id: 15276 is unchanged

openHours.id: 15277 is unchanged

openHours.id: 15278 is unchanged

openHours.id: 15279 is unchanged

openHours.id: 15280 is unchanged

openHours.id: 15281 is unchanged

openHours.id: 15282 is unchanged

openHours.id: 15283 is unchanged

openHours.id: 15284 is unchanged

openHours.id: 15285 is unchanged

openHours.id: 15286 is unchanged

openHours.id: 15287 is unchanged

openHours.id: 15288 is unchanged

created new openHours id: 19008

created new openHours id: 19009

found 22 trs

found subheader. continuing.

openHours.id: 6814 is unchanged

openHours.id: 6815 is unchanged

openHours.id: 6816 is unchanged

openHours.id: 15289 is unchanged

openHours.id: 15290 is unchanged

openHours.id: 15291 is unchanged

openHours.id: 15292 is unchanged

openHours.id: 15293 is unchanged

openHours.id: 15294 is unchanged

openHours.id: 15295 is unchanged

openHours.id: 15296 is unchanged

openHours.id: 15297 is unchanged

openHours.id: 15298 is unchanged

openHours.id: 15299 is unchanged

openHours.id: 15300 is unchanged

openHours.id: 15301 is unchanged

openHours.id: 15302 is unchanged

openHours.id: 15303 is unchanged

openHours.id: 15304 is unchanged

created new openHours id: 19010

created new openHours id: 19011

found 22 trs

found subheader. continuing.

openHours.id: 6835 is unchanged

openHours.id: 6836 is unchanged

openHours.id: 6837 is unchanged

openHours.id: 15305 is unchanged

openHours.id: 15306 is unchanged

openHours.id: 15307 is unchanged

openHours.id: 15308 is unchanged

openHours.id: 15309 is unchanged

openHours.id: 15310 is unchanged

openHours.id: 15311 is unchanged

openHours.id: 15312 is unchanged

openHours.id: 15313 is unchanged

openHours.id: 15314 is unchanged

openHours.id: 15315 is unchanged

openHours.id: 15316 is unchanged

openHours.id: 15317 is unchanged

openHours.id: 15318 is unchanged

openHours.id: 15319 is unchanged

openHours.id: 15320 is unchanged

created new openHours id: 19012

created new openHours id: 19013

found 22 trs

found subheader. continuing.

openHours.id: 6856 is unchanged

openHours.id: 6857 is unchanged

openHours.id: 6858 is unchanged

openHours.id: 15321 is unchanged

openHours.id: 15322 is unchanged

openHours.id: 15323 is unchanged

openHours.id: 15324 is unchanged

openHours.id: 15325 is unchanged

openHours.id: 15326 is unchanged

openHours.id: 15327 is unchanged

openHours.id: 15328 is unchanged

openHours.id: 15329 is unchanged

openHours.id: 15330 is unchanged

openHours.id: 15331 is unchanged

openHours.id: 15332 is unchanged

openHours.id: 15333 is unchanged

openHours.id: 15334 is unchanged

openHours.id: 15335 is unchanged

openHours.id: 15336 is unchanged

created new openHours id: 19014

created new openHours id: 19015

found 22 trs

found subheader. continuing.

openHours.id: 6877 is unchanged

openHours.id: 6878 is unchanged

openHours.id: 6879 is unchanged

openHours.id: 15337 is unchanged

openHours.id: 15338 is unchanged

openHours.id: 15339 is unchanged

openHours.id: 15340 is unchanged

openHours.id: 15341 is unchanged

openHours.id: 15342 is unchanged

openHours.id: 15343 is unchanged

openHours.id: 15344 is unchanged

openHours.id: 15345 is unchanged

openHours.id: 15346 is unchanged

openHours.id: 15347 is unchanged

openHours.id: 15348 is unchanged

openHours.id: 15349 is unchanged

openHours.id: 15350 is unchanged

openHours.id: 15351 is unchanged

openHours.id: 15352 is unchanged

created new openHours id: 19016

created new openHours id: 19017

found 22 trs

found subheader. continuing.

openHours.id: 6898 is unchanged

openHours.id: 6899 is unchanged

openHours.id: 6900 is unchanged

openHours.id: 15353 is unchanged

openHours.id: 15354 is unchanged

openHours.id: 15355 is unchanged

openHours.id: 15356 is unchanged

openHours.id: 15357 is unchanged

openHours.id: 15358 is unchanged

openHours.id: 15359 is unchanged

openHours.id: 15360 is unchanged

openHours.id: 15361 is unchanged

openHours.id: 15362 is unchanged

openHours.id: 15363 is unchanged

openHours.id: 15364 is unchanged

openHours.id: 15365 is unchanged

openHours.id: 15366 is unchanged

openHours.id: 15367 is unchanged

openHours.id: 15368 is unchanged

created new openHours id: 19018

created new openHours id: 19019

found 22 trs

found subheader. continuing.

openHours.id: 6919 is unchanged

openHours.id: 6920 is unchanged

openHours.id: 6921 is unchanged

openHours.id: 15369 is unchanged

openHours.id: 15370 is unchanged

openHours.id: 15371 is unchanged

openHours.id: 15372 is unchanged

openHours.id: 15373 is unchanged

openHours.id: 15374 is unchanged

openHours.id: 15375 is unchanged

openHours.id: 15376 is unchanged

openHours.id: 15377 is unchanged

openHours.id: 15378 is unchanged

openHours.id: 15379 is unchanged

openHours.id: 15380 is unchanged

openHours.id: 15381 is unchanged

openHours.id: 15382 is unchanged

openHours.id: 15383 is unchanged

openHours.id: 15384 is unchanged

created new openHours id: 19020

created new openHours id: 19021

found 22 trs

found subheader. continuing.

openHours.id: 6940 is unchanged

openHours.id: 6941 is unchanged

openHours.id: 6942 is unchanged

openHours.id: 15385 is unchanged

openHours.id: 15386 is unchanged

openHours.id: 15387 is unchanged

openHours.id: 15388 is unchanged

openHours.id: 15389 is unchanged

openHours.id: 15390 is unchanged

openHours.id: 15391 is unchanged

openHours.id: 15392 is unchanged

openHours.id: 15393 is unchanged

openHours.id: 15394 is unchanged

openHours.id: 15395 is unchanged

openHours.id: 15396 is unchanged

openHours.id: 15397 is unchanged

openHours.id: 15398 is unchanged

openHours.id: 15399 is unchanged

openHours.id: 15400 is unchanged

created new openHours id: 19022

created new openHours id: 19023

found 22 trs

found subheader. continuing.

openHours.id: 6961 is unchanged

openHours.id: 6962 is unchanged

openHours.id: 6963 is unchanged

openHours.id: 15401 is unchanged

openHours.id: 15402 is unchanged

openHours.id: 15403 is unchanged

openHours.id: 15404 is unchanged

openHours.id: 15405 is unchanged

openHours.id: 15406 is unchanged

openHours.id: 15407 is unchanged

openHours.id: 15408 is unchanged

openHours.id: 15409 is unchanged

openHours.id: 15410 is unchanged

openHours.id: 15411 is unchanged

openHours.id: 15412 is unchanged

openHours.id: 15413 is unchanged

openHours.id: 15414 is unchanged

openHours.id: 15415 is unchanged

openHours.id: 15416 is unchanged

created new openHours id: 19024

created new openHours id: 19025

found 22 trs

found subheader. continuing.

openHours.id: 6982 is unchanged

openHours.id: 6983 is unchanged

openHours.id: 6984 is unchanged

openHours.id: 15417 is unchanged

openHours.id: 15418 is unchanged

openHours.id: 15419 is unchanged

openHours.id: 15420 is unchanged

openHours.id: 15421 is unchanged

openHours.id: 15422 is unchanged

openHours.id: 15423 is unchanged

openHours.id: 15424 is unchanged

openHours.id: 15425 is unchanged

openHours.id: 15426 is unchanged

openHours.id: 15427 is unchanged

openHours.id: 15428 is unchanged

openHours.id: 15429 is unchanged

openHours.id: 15430 is unchanged

openHours.id: 15431 is unchanged

openHours.id: 15432 is unchanged

created new openHours id: 19026

created new openHours id: 19027

found 22 trs

found subheader. continuing.

openHours.id: 7003 is unchanged

openHours.id: 7004 is unchanged

openHours.id: 7005 is unchanged

openHours.id: 15433 is unchanged

openHours.id: 15434 is unchanged

openHours.id: 15435 is unchanged

openHours.id: 15436 is unchanged

openHours.id: 15437 is unchanged

openHours.id: 15438 is unchanged

openHours.id: 15439 is unchanged

openHours.id: 15440 is unchanged

openHours.id: 15441 is unchanged

openHours.id: 15442 is unchanged

openHours.id: 15443 is unchanged

openHours.id: 15444 is unchanged

openHours.id: 15445 is unchanged

openHours.id: 15446 is unchanged

openHours.id: 15447 is unchanged

openHours.id: 15448 is unchanged

created new openHours id: 19028

created new openHours id: 19029

found 22 trs

found subheader. continuing.

openHours.id: 7024 is unchanged

openHours.id: 7025 is unchanged

openHours.id: 7026 is unchanged

openHours.id: 15449 is unchanged

openHours.id: 15450 is unchanged

openHours.id: 15451 is unchanged

openHours.id: 15452 is unchanged

openHours.id: 15453 is unchanged

openHours.id: 15454 is unchanged

openHours.id: 15455 is unchanged

openHours.id: 15456 is unchanged

openHours.id: 15457 is unchanged

openHours.id: 15458 is unchanged

openHours.id: 15459 is unchanged

openHours.id: 15460 is unchanged

openHours.id: 15461 is unchanged

openHours.id: 15462 is unchanged

openHours.id: 15463 is unchanged

openHours.id: 15464 is unchanged

created new openHours id: 19030

created new openHours id: 19031

found 22 trs

found subheader. continuing.

openHours.id: 7045 is unchanged

openHours.id: 7046 is unchanged

openHours.id: 7047 is unchanged

openHours.id: 15465 is unchanged

openHours.id: 15466 is unchanged

openHours.id: 15467 is unchanged

openHours.id: 15468 is unchanged

openHours.id: 15469 is unchanged

openHours.id: 15470 is unchanged

openHours.id: 15471 is unchanged

openHours.id: 15472 is unchanged

openHours.id: 15473 is unchanged

openHours.id: 15474 is unchanged

openHours.id: 15475 is unchanged

openHours.id: 15476 is unchanged

openHours.id: 15477 is unchanged

openHours.id: 15478 is unchanged

openHours.id: 15479 is unchanged

openHours.id: 15480 is unchanged

created new openHours id: 19032

created new openHours id: 19033

found 22 trs

found subheader. continuing.

openHours.id: 7066 is unchanged

openHours.id: 7067 is unchanged

openHours.id: 7068 is unchanged

openHours.id: 15481 is unchanged

openHours.id: 15482 is unchanged

openHours.id: 15483 is unchanged

openHours.id: 15484 is unchanged

openHours.id: 15485 is unchanged

openHours.id: 15486 is unchanged

openHours.id: 15487 is unchanged

openHours.id: 15488 is unchanged

openHours.id: 15489 is unchanged

openHours.id: 15490 is unchanged

openHours.id: 15491 is unchanged

openHours.id: 15492 is unchanged

openHours.id: 15493 is unchanged

openHours.id: 15494 is unchanged

openHours.id: 15495 is unchanged

openHours.id: 15496 is unchanged

created new openHours id: 19034

created new openHours id: 19035

found 22 trs

found subheader. continuing.

openHours.id: 7087 is unchanged

openHours.id: 7088 is unchanged

openHours.id: 7089 is unchanged

openHours.id: 15497 is unchanged

openHours.id: 15498 is unchanged

openHours.id: 15499 is unchanged

openHours.id: 15500 is unchanged

openHours.id: 15501 is unchanged

openHours.id: 15502 is unchanged

openHours.id: 15503 is unchanged

openHours.id: 15504 is unchanged

openHours.id: 15505 is unchanged

openHours.id: 15506 is unchanged

openHours.id: 15507 is unchanged

openHours.id: 15508 is unchanged

openHours.id: 15509 is unchanged

openHours.id: 15510 is unchanged

openHours.id: 15511 is unchanged

openHours.id: 15512 is unchanged

created new openHours id: 19036

created new openHours id: 19037

found 22 trs

found subheader. continuing.

openHours.id: 7108 is unchanged

openHours.id: 7109 is unchanged

openHours.id: 7110 is unchanged

openHours.id: 15513 is unchanged

openHours.id: 15514 is unchanged

openHours.id: 15515 is unchanged

openHours.id: 15516 is unchanged

openHours.id: 15517 is unchanged

openHours.id: 15518 is unchanged

openHours.id: 15519 is unchanged

openHours.id: 15520 is unchanged

openHours.id: 15521 is unchanged

openHours.id: 15522 is unchanged

openHours.id: 15523 is unchanged

openHours.id: 15524 is unchanged

openHours.id: 15525 is unchanged

openHours.id: 15526 is unchanged

openHours.id: 15527 is unchanged

openHours.id: 15528 is unchanged

created new openHours id: 19038

created new openHours id: 19039

found 22 trs

found subheader. continuing.

openHours.id: 7129 is unchanged

openHours.id: 7130 is unchanged

openHours.id: 7131 is unchanged

openHours.id: 15529 is unchanged

openHours.id: 15530 is unchanged

openHours.id: 15531 is unchanged

openHours.id: 15532 is unchanged

openHours.id: 15533 is unchanged

openHours.id: 15534 is unchanged

openHours.id: 15535 is unchanged

openHours.id: 15536 is unchanged

openHours.id: 15537 is unchanged

openHours.id: 15538 is unchanged

openHours.id: 15539 is unchanged

openHours.id: 15540 is unchanged

openHours.id: 15541 is unchanged

openHours.id: 15542 is unchanged

openHours.id: 15543 is unchanged

openHours.id: 15544 is unchanged

created new openHours id: 19040

created new openHours id: 19041

found 22 trs

found subheader. continuing.

openHours.id: 7150 is unchanged

openHours.id: 7151 is unchanged

openHours.id: 7152 is unchanged

openHours.id: 15545 is unchanged

openHours.id: 15546 is unchanged

openHours.id: 15547 is unchanged

openHours.id: 15548 is unchanged

openHours.id: 15549 is unchanged

openHours.id: 15550 is unchanged

openHours.id: 15551 is unchanged

openHours.id: 15552 is unchanged

openHours.id: 15553 is unchanged

openHours.id: 15554 is unchanged

openHours.id: 15555 is unchanged

openHours.id: 15556 is unchanged

openHours.id: 15557 is unchanged

openHours.id: 15558 is unchanged

openHours.id: 15559 is unchanged

openHours.id: 15560 is unchanged

created new openHours id: 19042

created new openHours id: 19043

found 22 trs

found subheader. continuing.

openHours.id: 7171 is unchanged

openHours.id: 7172 is unchanged

openHours.id: 7173 is unchanged

openHours.id: 15561 is unchanged

openHours.id: 15562 is unchanged

openHours.id: 15563 is unchanged

openHours.id: 15564 is unchanged

openHours.id: 15565 is unchanged

openHours.id: 15566 is unchanged

openHours.id: 15567 is unchanged

openHours.id: 15568 is unchanged

openHours.id: 15569 is unchanged

openHours.id: 15570 is unchanged

openHours.id: 15571 is unchanged

openHours.id: 15572 is unchanged

openHours.id: 15573 is unchanged

openHours.id: 15574 is unchanged

openHours.id: 15575 is unchanged

openHours.id: 15576 is unchanged

created new openHours id: 19044

created new openHours id: 19045

found 22 trs

found subheader. continuing.

openHours.id: 7192 is unchanged

openHours.id: 7193 is unchanged

openHours.id: 7194 is unchanged

openHours.id: 15577 is unchanged

openHours.id: 15578 is unchanged

openHours.id: 15579 is unchanged

openHours.id: 15580 is unchanged

openHours.id: 15581 is unchanged

openHours.id: 15582 is unchanged

openHours.id: 15583 is unchanged

openHours.id: 15584 is unchanged

openHours.id: 15585 is unchanged

openHours.id: 15586 is unchanged

openHours.id: 15587 is unchanged

openHours.id: 15588 is unchanged

openHours.id: 15589 is unchanged

openHours.id: 15590 is unchanged

openHours.id: 15591 is unchanged

openHours.id: 15592 is unchanged

created new openHours id: 19046

created new openHours id: 19047

found 22 trs

found subheader. continuing.

openHours.id: 7213 is unchanged

openHours.id: 7214 is unchanged

openHours.id: 7215 is unchanged

openHours.id: 15593 is unchanged

openHours.id: 15594 is unchanged

openHours.id: 15595 is unchanged

openHours.id: 15596 is unchanged

openHours.id: 15597 is unchanged

openHours.id: 15598 is unchanged

openHours.id: 15599 is unchanged

openHours.id: 15600 is unchanged

openHours.id: 15601 is unchanged

openHours.id: 15602 is unchanged

openHours.id: 15603 is unchanged

openHours.id: 15604 is unchanged

openHours.id: 15605 is unchanged

openHours.id: 15606 is unchanged

openHours.id: 15607 is unchanged

openHours.id: 15608 is unchanged

created new openHours id: 19048

created new openHours id: 19049

found 22 trs

found subheader. continuing.

openHours.id: 7234 is unchanged

openHours.id: 7235 is unchanged

openHours.id: 7236 is unchanged

openHours.id: 15609 is unchanged

openHours.id: 15610 is unchanged

openHours.id: 15611 is unchanged

openHours.id: 15612 is unchanged

openHours.id: 15613 is unchanged

openHours.id: 15614 is unchanged

openHours.id: 15615 is unchanged

openHours.id: 15616 is unchanged

openHours.id: 15617 is unchanged

openHours.id: 15618 is unchanged

openHours.id: 15619 is unchanged

openHours.id: 15620 is unchanged

openHours.id: 15621 is unchanged

openHours.id: 15622 is unchanged

openHours.id: 15623 is unchanged

openHours.id: 15624 is unchanged

created new openHours id: 19050

created new openHours id: 19051

found 22 trs

found subheader. continuing.

openHours.id: 7255 is unchanged

openHours.id: 7256 is unchanged

openHours.id: 7257 is unchanged

openHours.id: 15625 is unchanged

openHours.id: 15626 is unchanged

openHours.id: 15627 is unchanged

openHours.id: 15628 is unchanged

openHours.id: 15629 is unchanged

openHours.id: 15630 is unchanged

openHours.id: 15631 is unchanged

openHours.id: 15632 is unchanged

openHours.id: 15633 is unchanged

openHours.id: 15634 is unchanged

openHours.id: 15635 is unchanged

openHours.id: 15636 is unchanged

openHours.id: 15637 is unchanged

openHours.id: 15638 is unchanged

openHours.id: 15639 is unchanged

openHours.id: 15640 is unchanged

created new openHours id: 19052

created new openHours id: 19053

found 22 trs

found subheader. continuing.

openHours.id: 7276 is unchanged

openHours.id: 7277 is unchanged

openHours.id: 7278 is unchanged

openHours.id: 15641 is unchanged

openHours.id: 15642 is unchanged

openHours.id: 15643 is unchanged

openHours.id: 15644 is unchanged

openHours.id: 15645 is unchanged

openHours.id: 15646 is unchanged

openHours.id: 15647 is unchanged

openHours.id: 15648 is unchanged

openHours.id: 15649 is unchanged

openHours.id: 15650 is unchanged

openHours.id: 15651 is unchanged

openHours.id: 15652 is unchanged

openHours.id: 15653 is unchanged

openHours.id: 15654 is unchanged

openHours.id: 15655 is unchanged

openHours.id: 15656 is unchanged

created new openHours id: 19054

created new openHours id: 19055

found 22 trs

found subheader. continuing.

openHours.id: 7297 is unchanged

openHours.id: 7298 is unchanged

openHours.id: 7299 is unchanged

openHours.id: 15657 is unchanged

openHours.id: 15658 is unchanged

openHours.id: 15659 is unchanged

openHours.id: 15660 is unchanged

openHours.id: 15661 is unchanged

openHours.id: 15662 is unchanged

openHours.id: 15663 is unchanged

openHours.id: 15664 is unchanged

openHours.id: 15665 is unchanged

openHours.id: 15666 is unchanged

openHours.id: 15667 is unchanged

openHours.id: 15668 is unchanged

openHours.id: 15669 is unchanged

openHours.id: 15670 is unchanged

openHours.id: 15671 is unchanged

openHours.id: 15672 is unchanged

created new openHours id: 19056

created new openHours id: 19057

found 22 trs

found subheader. continuing.

openHours.id: 7318 is unchanged

openHours.id: 7319 is unchanged

openHours.id: 7320 is unchanged

openHours.id: 15673 is unchanged

openHours.id: 15674 is unchanged

openHours.id: 15675 is unchanged

openHours.id: 15676 is unchanged

openHours.id: 15677 is unchanged

openHours.id: 15678 is unchanged

openHours.id: 15679 is unchanged

openHours.id: 15680 is unchanged

openHours.id: 15681 is unchanged

openHours.id: 15682 is unchanged

openHours.id: 15683 is unchanged

openHours.id: 15684 is unchanged

openHours.id: 15685 is unchanged

openHours.id: 15686 is unchanged

openHours.id: 15687 is unchanged

openHours.id: 15688 is unchanged

created new openHours id: 19058

created new openHours id: 19059

found 22 trs

found subheader. continuing.

openHours.id: 7339 is unchanged

openHours.id: 7340 is unchanged

openHours.id: 7341 is unchanged

openHours.id: 15689 is unchanged

openHours.id: 15690 is unchanged

openHours.id: 15691 is unchanged

openHours.id: 15692 is unchanged

openHours.id: 15693 is unchanged

openHours.id: 15694 is unchanged

openHours.id: 15695 is unchanged

openHours.id: 15696 is unchanged

openHours.id: 15697 is unchanged

openHours.id: 15698 is unchanged

openHours.id: 15699 is unchanged

openHours.id: 15700 is unchanged

openHours.id: 15701 is unchanged

openHours.id: 15702 is unchanged

openHours.id: 15703 is unchanged

openHours.id: 15704 is unchanged

created new openHours id: 19060

created new openHours id: 19061

found 22 trs

found subheader. continuing.

openHours.id: 7360 is unchanged

openHours.id: 7361 is unchanged

openHours.id: 7362 is unchanged

openHours.id: 15705 is unchanged

openHours.id: 15706 is unchanged

openHours.id: 15707 is unchanged

openHours.id: 15708 is unchanged

openHours.id: 15709 is unchanged

openHours.id: 15710 is unchanged

openHours.id: 15711 is unchanged

openHours.id: 15712 is unchanged

openHours.id: 15713 is unchanged

openHours.id: 15714 is unchanged

openHours.id: 15715 is unchanged

openHours.id: 15716 is unchanged

openHours.id: 15717 is unchanged

openHours.id: 15718 is unchanged

openHours.id: 15719 is unchanged

openHours.id: 15720 is unchanged

created new openHours id: 19062

created new openHours id: 19063

found 22 trs

found subheader. continuing.

openHours.id: 7381 is unchanged

openHours.id: 7382 is unchanged

openHours.id: 7383 is unchanged

openHours.id: 15721 is unchanged

openHours.id: 15722 is unchanged

openHours.id: 15723 is unchanged

openHours.id: 15724 is unchanged

openHours.id: 15725 is unchanged

openHours.id: 15726 is unchanged

openHours.id: 15727 is unchanged

openHours.id: 15728 is unchanged

openHours.id: 15729 is unchanged

openHours.id: 15730 is unchanged

openHours.id: 15731 is unchanged

openHours.id: 15732 is unchanged

openHours.id: 15733 is unchanged

openHours.id: 15734 is unchanged

openHours.id: 15735 is unchanged

openHours.id: 15736 is unchanged

created new openHours id: 19064

created new openHours id: 19065

found 22 trs

found subheader. continuing.

openHours.id: 7402 is unchanged

openHours.id: 7403 is unchanged

openHours.id: 7404 is unchanged

openHours.id: 15737 is unchanged

openHours.id: 15738 is unchanged

openHours.id: 15739 is unchanged

openHours.id: 15740 is unchanged

openHours.id: 15741 is unchanged

openHours.id: 15742 is unchanged

openHours.id: 15743 is unchanged

openHours.id: 15744 is unchanged

openHours.id: 15745 is unchanged

openHours.id: 15746 is unchanged

openHours.id: 15747 is unchanged

openHours.id: 15748 is unchanged

openHours.id: 15749 is unchanged

openHours.id: 15750 is unchanged

openHours.id: 15751 is unchanged

openHours.id: 15752 is unchanged

created new openHours id: 19066

created new openHours id: 19067

found 22 trs

found subheader. continuing.

openHours.id: 7423 is unchanged

openHours.id: 7424 is unchanged

openHours.id: 7425 is unchanged

openHours.id: 15753 is unchanged

openHours.id: 15754 is unchanged

openHours.id: 15755 is unchanged

openHours.id: 15756 is unchanged

openHours.id: 15757 is unchanged

openHours.id: 15758 is unchanged

openHours.id: 15759 is unchanged

openHours.id: 15760 is unchanged

openHours.id: 15761 is unchanged

openHours.id: 15762 is unchanged

openHours.id: 15763 is unchanged

openHours.id: 15764 is unchanged

openHours.id: 15765 is unchanged

openHours.id: 15766 is unchanged

openHours.id: 15767 is unchanged

openHours.id: 15768 is unchanged

created new openHours id: 19068

created new openHours id: 19069

found 22 trs

found subheader. continuing.

openHours.id: 7444 is unchanged

openHours.id: 7445 is unchanged

openHours.id: 7446 is unchanged

openHours.id: 15769 is unchanged

openHours.id: 15770 is unchanged

openHours.id: 15771 is unchanged

openHours.id: 15772 is unchanged

openHours.id: 15773 is unchanged

openHours.id: 15774 is unchanged

openHours.id: 15775 is unchanged

openHours.id: 15776 is unchanged

openHours.id: 15777 is unchanged

openHours.id: 15778 is unchanged

openHours.id: 15779 is unchanged

openHours.id: 15780 is unchanged

openHours.id: 15781 is unchanged

openHours.id: 15782 is unchanged

openHours.id: 15783 is unchanged

openHours.id: 15784 is unchanged

created new openHours id: 19070

created new openHours id: 19071

caught timeout exception..retrying once..

found 22 trs

found subheader. continuing.

openHours.id: 7465 is unchanged

openHours.id: 7466 is unchanged

openHours.id: 7467 is unchanged

openHours.id: 15785 is unchanged

openHours.id: 15786 is unchanged

openHours.id: 15787 is unchanged

openHours.id: 15788 is unchanged

openHours.id: 15789 is unchanged

openHours.id: 15790 is unchanged

openHours.id: 15791 is unchanged

openHours.id: 15792 is unchanged

openHours.id: 15793 is unchanged

openHours.id: 15794 is unchanged

openHours.id: 15795 is unchanged

openHours.id: 15796 is unchanged

openHours.id: 15797 is unchanged

openHours.id: 15798 is unchanged

openHours.id: 15799 is unchanged

openHours.id: 15800 is unchanged

created new openHours id: 19072

created new openHours id: 19073

found 22 trs

found subheader. continuing.

openHours.id: 7486 is unchanged

openHours.id: 7487 is unchanged

openHours.id: 7488 is unchanged

openHours.id: 15801 is unchanged

openHours.id: 15802 is unchanged

openHours.id: 15803 is unchanged

openHours.id: 15804 is unchanged

openHours.id: 15805 is unchanged

openHours.id: 15806 is unchanged

openHours.id: 15807 is unchanged

openHours.id: 15808 is unchanged

openHours.id: 15809 is unchanged

openHours.id: 15810 is unchanged

openHours.id: 15811 is unchanged

openHours.id: 15812 is unchanged

openHours.id: 15813 is unchanged

openHours.id: 15814 is unchanged

openHours.id: 15815 is unchanged

openHours.id: 15816 is unchanged

created new openHours id: 19074

created new openHours id: 19075

found 22 trs

found subheader. continuing.

openHours.id: 7507 is unchanged

openHours.id: 7508 is unchanged

openHours.id: 7509 is unchanged

openHours.id: 15817 is unchanged

openHours.id: 15818 is unchanged

openHours.id: 15819 is unchanged

openHours.id: 15820 is unchanged

openHours.id: 15821 is unchanged

openHours.id: 15822 is unchanged

openHours.id: 15823 is unchanged

openHours.id: 15824 is unchanged

openHours.id: 15825 is unchanged

openHours.id: 15826 is unchanged

openHours.id: 15827 is unchanged

openHours.id: 15828 is unchanged

openHours.id: 15829 is unchanged

openHours.id: 15830 is unchanged

openHours.id: 15831 is unchanged

openHours.id: 15832 is unchanged

created new openHours id: 19076

created new openHours id: 19077

found 22 trs

found subheader. continuing.

openHours.id: 7528 is unchanged

openHours.id: 7529 is unchanged

openHours.id: 7530 is unchanged

openHours.id: 15833 is unchanged

openHours.id: 15834 is unchanged

openHours.id: 15835 is unchanged

openHours.id: 15836 is unchanged

openHours.id: 15837 is unchanged

openHours.id: 15838 is unchanged

openHours.id: 15839 is unchanged

openHours.id: 15840 is unchanged

openHours.id: 15841 is unchanged

openHours.id: 15842 is unchanged

openHours.id: 15843 is unchanged

openHours.id: 15844 is unchanged

openHours.id: 15845 is unchanged

openHours.id: 15846 is unchanged

openHours.id: 15847 is unchanged

openHours.id: 15848 is unchanged

created new openHours id: 19078

created new openHours id: 19079

found 22 trs

found subheader. continuing.

openHours.id: 7549 is unchanged

openHours.id: 7550 is unchanged

openHours.id: 7551 is unchanged

openHours.id: 15849 is unchanged

openHours.id: 15850 is unchanged

openHours.id: 15851 is unchanged

openHours.id: 15852 is unchanged

openHours.id: 15853 is unchanged

openHours.id: 15854 is unchanged

openHours.id: 15855 is unchanged

openHours.id: 15856 is unchanged

openHours.id: 15857 is unchanged

openHours.id: 15858 is unchanged

openHours.id: 15859 is unchanged

openHours.id: 15860 is unchanged

openHours.id: 15861 is unchanged

openHours.id: 15862 is unchanged

openHours.id: 15863 is unchanged

openHours.id: 15864 is unchanged

created new openHours id: 19080

created new openHours id: 19081

found 22 trs

found subheader. continuing.

openHours.id: 7570 is unchanged

openHours.id: 7571 is unchanged

openHours.id: 7572 is unchanged

openHours.id: 15865 is unchanged

openHours.id: 15866 is unchanged

openHours.id: 15867 is unchanged

openHours.id: 15868 is unchanged

openHours.id: 15869 is unchanged

openHours.id: 15870 is unchanged

openHours.id: 15871 is unchanged

openHours.id: 15872 is unchanged

openHours.id: 15873 is unchanged

openHours.id: 15874 is unchanged

openHours.id: 15875 is unchanged

openHours.id: 15876 is unchanged

openHours.id: 15877 is unchanged

openHours.id: 15878 is unchanged

openHours.id: 15879 is unchanged

openHours.id: 15880 is unchanged

created new openHours id: 19082

created new openHours id: 19083

found 22 trs

found subheader. continuing.

openHours.id: 7591 is unchanged

openHours.id: 7592 is unchanged

openHours.id: 7593 is unchanged

openHours.id: 15881 is unchanged

openHours.id: 15882 is unchanged

openHours.id: 15883 is unchanged

openHours.id: 15884 is unchanged

openHours.id: 15885 is unchanged

openHours.id: 15886 is unchanged

openHours.id: 15887 is unchanged

openHours.id: 15888 is unchanged

openHours.id: 15889 is unchanged

openHours.id: 15890 is unchanged

openHours.id: 15891 is unchanged

openHours.id: 15892 is unchanged

openHours.id: 15893 is unchanged

openHours.id: 15894 is unchanged

openHours.id: 15895 is unchanged

openHours.id: 15896 is unchanged

created new openHours id: 19084

created new openHours id: 19085

found 22 trs

found subheader. continuing.

openHours.id: 7612 is unchanged

openHours.id: 7613 is unchanged

openHours.id: 7614 is unchanged

openHours.id: 15897 is unchanged

openHours.id: 15898 is unchanged

openHours.id: 15899 is unchanged

openHours.id: 15900 is unchanged

openHours.id: 15901 is unchanged

openHours.id: 15902 is unchanged

openHours.id: 15903 is unchanged

openHours.id: 15904 is unchanged

openHours.id: 15905 is unchanged

openHours.id: 15906 is unchanged

openHours.id: 15907 is unchanged

openHours.id: 15908 is unchanged

openHours.id: 15909 is unchanged

openHours.id: 15910 is unchanged

openHours.id: 15911 is unchanged

openHours.id: 15912 is unchanged

created new openHours id: 19086

created new openHours id: 19087

found 22 trs

found subheader. continuing.

openHours.id: 7633 is unchanged

openHours.id: 7634 is unchanged

openHours.id: 7635 is unchanged

openHours.id: 15913 is unchanged

openHours.id: 15914 is unchanged

openHours.id: 15915 is unchanged

openHours.id: 15916 is unchanged

openHours.id: 15917 is unchanged

openHours.id: 15918 is unchanged

openHours.id: 15919 is unchanged

openHours.id: 15920 is unchanged

openHours.id: 15921 is unchanged

openHours.id: 15922 is unchanged

openHours.id: 15923 is unchanged

openHours.id: 15924 is unchanged

openHours.id: 15925 is unchanged

openHours.id: 15926 is unchanged

openHours.id: 15927 is unchanged

openHours.id: 15928 is unchanged

created new openHours id: 19088

created new openHours id: 19089

found 22 trs

found subheader. continuing.

openHours.id: 7654 is unchanged

openHours.id: 7655 is unchanged

openHours.id: 7656 is unchanged

openHours.id: 15929 is unchanged

openHours.id: 15930 is unchanged

openHours.id: 15931 is unchanged

openHours.id: 15932 is unchanged

openHours.id: 15933 is unchanged

openHours.id: 15934 is unchanged

openHours.id: 15935 is unchanged

openHours.id: 15936 is unchanged

openHours.id: 15937 is unchanged

openHours.id: 15938 is unchanged

openHours.id: 15939 is unchanged

openHours.id: 15940 is unchanged

openHours.id: 15941 is unchanged

openHours.id: 15942 is unchanged

openHours.id: 15943 is unchanged

openHours.id: 15944 is unchanged

created new openHours id: 19090

created new openHours id: 19091

found 22 trs

found subheader. continuing.

openHours.id: 7675 is unchanged

openHours.id: 7676 is unchanged

openHours.id: 7677 is unchanged

openHours.id: 15945 is unchanged

openHours.id: 15946 is unchanged

openHours.id: 15947 is unchanged

openHours.id: 15948 is unchanged

openHours.id: 15949 is unchanged

openHours.id: 15950 is unchanged

openHours.id: 15951 is unchanged

openHours.id: 15952 is unchanged

openHours.id: 15953 is unchanged

openHours.id: 15954 is unchanged

openHours.id: 15955 is unchanged

openHours.id: 15956 is unchanged

openHours.id: 15957 is unchanged

openHours.id: 15958 is unchanged

openHours.id: 15959 is unchanged

openHours.id: 15960 is unchanged

created new openHours id: 19092

created new openHours id: 19093

found 22 trs

found subheader. continuing.

openHours.id: 7696 is unchanged

openHours.id: 7697 is unchanged

openHours.id: 7698 is unchanged

openHours.id: 15961 is unchanged

openHours.id: 15962 is unchanged

openHours.id: 15963 is unchanged

openHours.id: 15964 is unchanged

openHours.id: 15965 is unchanged

openHours.id: 15966 is unchanged

openHours.id: 15967 is unchanged

openHours.id: 15968 is unchanged

openHours.id: 15969 is unchanged

openHours.id: 15970 is unchanged

openHours.id: 15971 is unchanged

openHours.id: 15972 is unchanged

openHours.id: 15973 is unchanged

openHours.id: 15974 is unchanged

openHours.id: 15975 is unchanged

openHours.id: 15976 is unchanged

created new openHours id: 19094

created new openHours id: 19095

found 22 trs

found subheader. continuing.

openHours.id: 7717 is unchanged

openHours.id: 7718 is unchanged

openHours.id: 7719 is unchanged

openHours.id: 15977 is unchanged

openHours.id: 15978 is unchanged

openHours.id: 15979 is unchanged

openHours.id: 15980 is unchanged

openHours.id: 15981 is unchanged

openHours.id: 15982 is unchanged

openHours.id: 15983 is unchanged

openHours.id: 15984 is unchanged

openHours.id: 15985 is unchanged

openHours.id: 15986 is unchanged

openHours.id: 15987 is unchanged

openHours.id: 15988 is unchanged

openHours.id: 15989 is unchanged

openHours.id: 15990 is unchanged

openHours.id: 15991 is unchanged

openHours.id: 15992 is unchanged

created new openHours id: 19096

created new openHours id: 19097

found 22 trs

found subheader. continuing.

openHours.id: 7738 is unchanged

openHours.id: 7739 is unchanged

openHours.id: 7740 is unchanged

openHours.id: 15993 is unchanged

openHours.id: 15994 is unchanged

openHours.id: 15995 is unchanged

openHours.id: 15996 is unchanged

openHours.id: 15997 is unchanged

openHours.id: 15998 is unchanged

openHours.id: 15999 is unchanged

openHours.id: 16000 is unchanged

openHours.id: 16001 is unchanged

openHours.id: 16002 is unchanged

openHours.id: 16003 is unchanged

openHours.id: 16004 is unchanged

openHours.id: 16005 is unchanged

openHours.id: 16006 is unchanged

openHours.id: 16007 is unchanged

openHours.id: 16008 is unchanged

created new openHours id: 19098

created new openHours id: 19099

found 22 trs

found subheader. continuing.

openHours.id: 7759 is unchanged

openHours.id: 7760 is unchanged

openHours.id: 7761 is unchanged

openHours.id: 16009 is unchanged

openHours.id: 16010 is unchanged

openHours.id: 16011 is unchanged

openHours.id: 16012 is unchanged

openHours.id: 16013 is unchanged

openHours.id: 16014 is unchanged

openHours.id: 16015 is unchanged

openHours.id: 16016 is unchanged

openHours.id: 16017 is unchanged

openHours.id: 16018 is unchanged

openHours.id: 16019 is unchanged

openHours.id: 16020 is unchanged

openHours.id: 16021 is unchanged

openHours.id: 16022 is unchanged

openHours.id: 16023 is unchanged

openHours.id: 16024 is unchanged

created new openHours id: 19100

created new openHours id: 19101

found 22 trs

found subheader. continuing.

openHours.id: 7780 is unchanged

openHours.id: 7781 is unchanged

openHours.id: 7782 is unchanged

openHours.id: 16025 is unchanged

openHours.id: 16026 is unchanged

openHours.id: 16027 is unchanged

openHours.id: 16028 is unchanged

openHours.id: 16029 is unchanged

openHours.id: 16030 is unchanged

openHours.id: 16031 is unchanged

openHours.id: 16032 is unchanged

openHours.id: 16033 is unchanged

openHours.id: 16034 is unchanged

openHours.id: 16035 is unchanged

openHours.id: 16036 is unchanged

openHours.id: 16037 is unchanged

openHours.id: 16038 is unchanged

openHours.id: 16039 is unchanged

openHours.id: 16040 is unchanged

created new openHours id: 19102

created new openHours id: 19103

found 22 trs

found subheader. continuing.

openHours.id: 7801 is unchanged

openHours.id: 7802 is unchanged

openHours.id: 7803 is unchanged

openHours.id: 16041 is unchanged

openHours.id: 16042 is unchanged

openHours.id: 16043 is unchanged

openHours.id: 16044 is unchanged

openHours.id: 16045 is unchanged

openHours.id: 16046 is unchanged

openHours.id: 16047 is unchanged

openHours.id: 16048 is unchanged

openHours.id: 16049 is unchanged

openHours.id: 16050 is unchanged

openHours.id: 16051 is unchanged

openHours.id: 16052 is unchanged

openHours.id: 16053 is unchanged

openHours.id: 16054 is unchanged

openHours.id: 16055 is unchanged

openHours.id: 16056 is unchanged

created new openHours id: 19104

created new openHours id: 19105

found 22 trs

found subheader. continuing.

openHours.id: 7822 is unchanged

openHours.id: 7823 is unchanged

openHours.id: 7824 is unchanged

openHours.id: 16057 is unchanged

openHours.id: 16058 is unchanged

openHours.id: 16059 is unchanged

openHours.id: 16060 is unchanged

openHours.id: 16061 is unchanged

openHours.id: 16062 is unchanged

openHours.id: 16063 is unchanged

openHours.id: 16064 is unchanged

openHours.id: 16065 is unchanged

openHours.id: 16066 is unchanged

openHours.id: 16067 is unchanged

openHours.id: 16068 is unchanged

openHours.id: 16069 is unchanged

openHours.id: 16070 is unchanged

openHours.id: 16071 is unchanged

openHours.id: 16072 is unchanged

created new openHours id: 19106

created new openHours id: 19107

found 22 trs

found subheader. continuing.

openHours.id: 7843 is unchanged

openHours.id: 7844 is unchanged

openHours.id: 7845 is unchanged

openHours.id: 16073 is unchanged

openHours.id: 16074 is unchanged

openHours.id: 16075 is unchanged

openHours.id: 16076 is unchanged

openHours.id: 16077 is unchanged

openHours.id: 16078 is unchanged

openHours.id: 16079 is unchanged

openHours.id: 16080 is unchanged

openHours.id: 16081 is unchanged

openHours.id: 16082 is unchanged

openHours.id: 16083 is unchanged

openHours.id: 16084 is unchanged

openHours.id: 16085 is unchanged

openHours.id: 16086 is unchanged

openHours.id: 16087 is unchanged

openHours.id: 16088 is unchanged

created new openHours id: 19108

created new openHours id: 19109

found 22 trs

found subheader. continuing.

openHours.id: 7864 is unchanged

openHours.id: 7865 is unchanged

openHours.id: 7866 is unchanged

openHours.id: 16089 is unchanged

openHours.id: 16090 is unchanged

openHours.id: 16091 is unchanged

openHours.id: 16092 is unchanged

openHours.id: 16093 is unchanged

openHours.id: 16094 is unchanged

openHours.id: 16095 is unchanged

openHours.id: 16096 is unchanged

openHours.id: 16097 is unchanged

openHours.id: 16098 is unchanged

openHours.id: 16099 is unchanged

openHours.id: 16100 is unchanged

openHours.id: 16101 is unchanged

openHours.id: 16102 is unchanged

openHours.id: 16103 is unchanged

openHours.id: 16104 is unchanged

created new openHours id: 19110

created new openHours id: 19111

found 22 trs

found subheader. continuing.

openHours.id: 7885 is unchanged

openHours.id: 7886 is unchanged

openHours.id: 7887 is unchanged

openHours.id: 16105 is unchanged

openHours.id: 16106 is unchanged

openHours.id: 16107 is unchanged

openHours.id: 16108 is unchanged

openHours.id: 16109 is unchanged

openHours.id: 16110 is unchanged

openHours.id: 16111 is unchanged

openHours.id: 16112 is unchanged

openHours.id: 16113 is unchanged

openHours.id: 16114 is unchanged

openHours.id: 16115 is unchanged

openHours.id: 16116 is unchanged

openHours.id: 16117 is unchanged

openHours.id: 16118 is unchanged

openHours.id: 16119 is unchanged

openHours.id: 16120 is unchanged

created new openHours id: 19112

created new openHours id: 19113

found 22 trs

found subheader. continuing.

openHours.id: 7906 is unchanged

openHours.id: 7907 is unchanged

openHours.id: 7908 is unchanged

openHours.id: 16121 is unchanged

openHours.id: 16122 is unchanged

openHours.id: 16123 is unchanged

openHours.id: 16124 is unchanged

openHours.id: 16125 is unchanged

openHours.id: 16126 is unchanged

openHours.id: 16127 is unchanged

openHours.id: 16128 is unchanged

openHours.id: 16129 is unchanged

openHours.id: 16130 is unchanged

openHours.id: 16131 is unchanged

openHours.id: 16132 is unchanged

openHours.id: 16133 is unchanged

openHours.id: 16134 is unchanged

openHours.id: 16135 is unchanged

openHours.id: 16136 is unchanged

created new openHours id: 19114

created new openHours id: 19115

found 22 trs

found subheader. continuing.

openHours.id: 7927 is unchanged

openHours.id: 7928 is unchanged

openHours.id: 7929 is unchanged

openHours.id: 16137 is unchanged

openHours.id: 16138 is unchanged

openHours.id: 16139 is unchanged

openHours.id: 16140 is unchanged

openHours.id: 16141 is unchanged

openHours.id: 16142 is unchanged

openHours.id: 16143 is unchanged

openHours.id: 16144 is unchanged

openHours.id: 16145 is unchanged

openHours.id: 16146 is unchanged

openHours.id: 16147 is unchanged

openHours.id: 16148 is unchanged

openHours.id: 16149 is unchanged

openHours.id: 16150 is unchanged

openHours.id: 16151 is unchanged

openHours.id: 16152 is unchanged

created new openHours id: 19116

created new openHours id: 19117

found 22 trs

found subheader. continuing.

openHours.id: 7948 is unchanged

openHours.id: 7949 is unchanged

openHours.id: 7950 is unchanged

openHours.id: 16153 is unchanged

openHours.id: 16154 is unchanged

openHours.id: 16155 is unchanged

openHours.id: 16156 is unchanged

openHours.id: 16157 is unchanged

openHours.id: 16158 is unchanged

openHours.id: 16159 is unchanged

openHours.id: 16160 is unchanged

openHours.id: 16161 is unchanged

openHours.id: 16162 is unchanged

openHours.id: 16163 is unchanged

openHours.id: 16164 is unchanged

openHours.id: 16165 is unchanged

openHours.id: 16166 is unchanged

openHours.id: 16167 is unchanged

openHours.id: 16168 is unchanged

created new openHours id: 19118

created new openHours id: 19119

found 22 trs

found subheader. continuing.

openHours.id: 7969 is unchanged

openHours.id: 7970 is unchanged

openHours.id: 7971 is unchanged

openHours.id: 16169 is unchanged

openHours.id: 16170 is unchanged

openHours.id: 16171 is unchanged

openHours.id: 16172 is unchanged

openHours.id: 16173 is unchanged

openHours.id: 16174 is unchanged

openHours.id: 16175 is unchanged

openHours.id: 16176 is unchanged

openHours.id: 16177 is unchanged

openHours.id: 16178 is unchanged

openHours.id: 16179 is unchanged

openHours.id: 16180 is unchanged

openHours.id: 16181 is unchanged

openHours.id: 16182 is unchanged

openHours.id: 16183 is unchanged

openHours.id: 16184 is unchanged

created new openHours id: 19120

created new openHours id: 19121

found 22 trs

found subheader. continuing.

openHours.id: 7990 is unchanged

openHours.id: 7991 is unchanged

openHours.id: 7992 is unchanged

openHours.id: 16185 is unchanged

openHours.id: 16186 is unchanged

openHours.id: 16187 is unchanged

openHours.id: 16188 is unchanged

openHours.id: 16189 is unchanged

openHours.id: 16190 is unchanged

openHours.id: 16191 is unchanged

openHours.id: 16192 is unchanged

openHours.id: 16193 is unchanged

openHours.id: 16194 is unchanged

openHours.id: 16195 is unchanged

openHours.id: 16196 is unchanged

openHours.id: 16197 is unchanged

openHours.id: 16198 is unchanged

openHours.id: 16199 is unchanged

openHours.id: 16200 is unchanged

created new openHours id: 19122

created new openHours id: 19123

found 22 trs

found subheader. continuing.

openHours.id: 8011 is unchanged

openHours.id: 8012 is unchanged

openHours.id: 8013 is unchanged

openHours.id: 16201 is unchanged

openHours.id: 16202 is unchanged

openHours.id: 16203 is unchanged

openHours.id: 16204 is unchanged

openHours.id: 16205 is unchanged

openHours.id: 16206 is unchanged

openHours.id: 16207 is unchanged

openHours.id: 16208 is unchanged

openHours.id: 16209 is unchanged

openHours.id: 16210 is unchanged

openHours.id: 16211 is unchanged

openHours.id: 16212 is unchanged

openHours.id: 16213 is unchanged

openHours.id: 16214 is unchanged

openHours.id: 16215 is unchanged

openHours.id: 16216 is unchanged

created new openHours id: 19124

created new openHours id: 19125

found 22 trs

found subheader. continuing.

openHours.id: 8032 is unchanged

openHours.id: 8033 is unchanged

openHours.id: 8034 is unchanged

openHours.id: 16217 is unchanged

openHours.id: 16218 is unchanged

openHours.id: 16219 is unchanged

openHours.id: 16220 is unchanged

openHours.id: 16221 is unchanged

openHours.id: 16222 is unchanged

openHours.id: 16223 is unchanged

openHours.id: 16224 is unchanged

openHours.id: 16225 is unchanged

openHours.id: 16226 is unchanged

openHours.id: 16227 is unchanged

openHours.id: 16228 is unchanged

openHours.id: 16229 is unchanged

openHours.id: 16230 is unchanged

openHours.id: 16231 is unchanged

openHours.id: 16232 is unchanged

created new openHours id: 19126

created new openHours id: 19127

found 22 trs

found subheader. continuing.

openHours.id: 8053 is unchanged

openHours.id: 8054 is unchanged

openHours.id: 8055 is unchanged

openHours.id: 16233 is unchanged

openHours.id: 16234 is unchanged

openHours.id: 16235 is unchanged

openHours.id: 16236 is unchanged

openHours.id: 16237 is unchanged

openHours.id: 16238 is unchanged

openHours.id: 16239 is unchanged

openHours.id: 16240 is unchanged

openHours.id: 16241 is unchanged

openHours.id: 16242 is unchanged

openHours.id: 16243 is unchanged

openHours.id: 16244 is unchanged

openHours.id: 16245 is unchanged

openHours.id: 16246 is unchanged

openHours.id: 16247 is unchanged

openHours.id: 16248 is unchanged

created new openHours id: 19128

created new openHours id: 19129

found 22 trs

found subheader. continuing.

openHours.id: 8074 is unchanged

openHours.id: 8075 is unchanged

openHours.id: 8076 is unchanged

openHours.id: 16249 is unchanged

openHours.id: 16250 is unchanged

openHours.id: 16251 is unchanged

openHours.id: 16252 is unchanged

openHours.id: 16253 is unchanged

openHours.id: 16254 is unchanged

openHours.id: 16255 is unchanged

openHours.id: 16256 is unchanged

openHours.id: 16257 is unchanged

openHours.id: 16258 is unchanged

openHours.id: 16259 is unchanged

openHours.id: 16260 is unchanged

openHours.id: 16261 is unchanged

openHours.id: 16262 is unchanged

openHours.id: 16263 is unchanged

openHours.id: 16264 is unchanged

created new openHours id: 19130

created new openHours id: 19131

found 22 trs

found subheader. continuing.

openHours.id: 8095 is unchanged

openHours.id: 8096 is unchanged

openHours.id: 8097 is unchanged

openHours.id: 16265 is unchanged

openHours.id: 16266 is unchanged

openHours.id: 16267 is unchanged

openHours.id: 16268 is unchanged

openHours.id: 16269 is unchanged

openHours.id: 16270 is unchanged

openHours.id: 16271 is unchanged

openHours.id: 16272 is unchanged

openHours.id: 16273 is unchanged

openHours.id: 16274 is unchanged

openHours.id: 16275 is unchanged

openHours.id: 16276 is unchanged

openHours.id: 16277 is unchanged

openHours.id: 16278 is unchanged

openHours.id: 16279 is unchanged

openHours.id: 16280 is unchanged

created new openHours id: 19132

created new openHours id: 19133

caught timeout exception..retrying once..

caught exception with message: Timeout for specified condition caused by object of class: SeleniumClient\WebDriver, method invoked: findElement. Arguments: <By strategy: 'css selector', strategy factor '#vendorOpeningHours tfoot a'>,<1>

sourceId: 2466
exception 'SeleniumClient\WebDriverWaitTimeoutException' with message 'Timeout for specified condition caused by object of class: SeleniumClient\WebDriver, method invoked: findElement. Arguments: <By strategy: 'css selector', strategy factor '#vendorOpeningHours tfoot a'>,<1>' in /home/robert/oppettidr/root/common/lib/Nearsoft-PHP-SeleniumClient-bab8290/SeleniumClient/WebDriverWait.php:87
Stack trace:
#0 /home/robert/oppettidr/root/common/lib/Nearsoft-PHP-SeleniumClient-bab8290/SeleniumClient/WebDriver.php(408): SeleniumClient\WebDriverWait->until(Object(SeleniumClient\WebDriver), 'findElement', Array)
#1 /home/robert/oppettidr/root/console/commands/XyzCommand.php(230): SeleniumClient\WebDriver->waitForElementUntilIsPresent(Object(SeleniumClient\By), 60)
#2 [internal function]: XyzCommand->actionBolagetOpenHours()
#3 /home/robert/oppettidr/root/common/lib/yii/yii-1.1.10.r3566/framework/console/CConsoleCommand.php(141): ReflectionMethod->invokeArgs(Object(XyzCommand), Array)
#4 /home/robert/oppettidr/root/common/lib/yii/yii-1.1.10.r3566/framework/console/CConsoleCommandRunner.php(65): CConsoleCommand->run(Array)
#5 /home/robert/oppettidr/root/common/lib/yii/yii-1.1.10.r3566/framework/console/CConsoleApplication.php(91): CConsoleCommandRunner->run(Array)
#6 /home/robert/oppettidr/root/common/lib/yii/yii-1.1.10.r3566/framework/base/CApplication.php(162): CConsoleApplication->processRequest()
#7 /home/robert/oppettidr/root/common/lib/yii/yii-1.1.10.r3566/framework/yiic.php(33): CApplication->run()
#8 /home/robert/oppettidr/root/console/yiic.php(7): require_once('/home/robert/op...')
#9 /home/robert/oppettidr/root/console/yiic(4): require_once('/home/robert/op...')
#10 {main}